<sample id="555-3482">
	<data>
	   This is sample file that can be dropped into the ibox directory.
	</data>
</sample>